<?xml version="1.0" encoding="UTF-8"?>
<testsuite xmlns:xsi="http://www.w3.org/2001/XMLSchema-instance" xsi:noNamespaceSchemaLocation="https://maven.apache.org/surefire/maven-surefire-plugin/xsd/surefire-test-report.xsd" name="cn.com.codingce.MyTest" time="0.147" tests="1" errors="1" skipped="0" failures="0">
  <properties>
    <property name="sun.desktop" value="windows"/>
    <property name="awt.toolkit" value="sun.awt.windows.WToolkit"/>
    <property name="file.encoding.pkg" value="sun.io"/>
    <property name="java.specification.version" value="1.8"/>
    <property name="sun.cpu.isalist" value="amd64"/>
    <property name="sun.jnu.encoding" value="GBK"/>
    <property name="java.class.path" value="E:\ideaProject\框架代码\codingce-springcloud\springcloud-provider-dept-8001\target\test-classes;E:\ideaProject\框架代码\codingce-springcloud\springcloud-provider-dept-8001\target\classes;E:\maven\maven_jar\org\springframework\boot\spring-boot-starter-actuator\2.1.4.RELEASE\spring-boot-starter-actuator-2.1.4.RELEASE.jar;E:\maven\maven_jar\org\springframework\boot\spring-boot-starter\2.1.4.RELEASE\spring-boot-starter-2.1.4.RELEASE.jar;E:\maven\maven_jar\org\springframework\boot\spring-boot-starter-logging\2.1.4.RELEASE\spring-boot-starter-logging-2.1.4.RELEASE.jar;E:\maven\maven_jar\ch\qos\logback\logback-classic\1.2.3\logback-classic-1.2.3.jar;E:\maven\maven_jar\org\apache\logging\log4j\log4j-to-slf4j\2.11.2\log4j-to-slf4j-2.11.2.jar;E:\maven\maven_jar\org\apache\logging\log4j\log4j-api\2.11.2\log4j-api-2.11.2.jar;E:\maven\maven_jar\org\slf4j\jul-to-slf4j\1.7.26\jul-to-slf4j-1.7.26.jar;E:\maven\maven_jar\javax\annotation\javax.annotation-api\1.3.2\javax.annotation-api-1.3.2.jar;E:\maven\maven_jar\org\springframework\spring-core\5.1.6.RELEASE\spring-core-5.1.6.RELEASE.jar;E:\maven\maven_jar\org\springframework\spring-jcl\5.1.6.RELEASE\spring-jcl-5.1.6.RELEASE.jar;E:\maven\maven_jar\org\yaml\snakeyaml\1.23\snakeyaml-1.23.jar;E:\maven\maven_jar\org\springframework\boot\spring-boot-actuator-autoconfigure\2.1.4.RELEASE\spring-boot-actuator-autoconfigure-2.1.4.RELEASE.jar;E:\maven\maven_jar\org\springframework\boot\spring-boot-actuator\2.1.4.RELEASE\spring-boot-actuator-2.1.4.RELEASE.jar;E:\maven\maven_jar\com\fasterxml\jackson\core\jackson-databind\2.9.8\jackson-databind-2.9.8.jar;E:\maven\maven_jar\com\fasterxml\jackson\core\jackson-annotations\2.9.0\jackson-annotations-2.9.0.jar;E:\maven\maven_jar\com\fasterxml\jackson\core\jackson-core\2.9.8\jackson-core-2.9.8.jar;E:\maven\maven_jar\org\springframework\spring-context\5.1.6.RELEASE\spring-context-5.1.6.RELEASE.jar;E:\maven\maven_jar\com\fasterxml\jackson\datatype\jackson-datatype-jsr310\2.9.8\jackson-datatype-jsr310-2.9.8.jar;E:\maven\maven_jar\io\micrometer\micrometer-core\1.1.4\micrometer-core-1.1.4.jar;E:\maven\maven_jar\org\hdrhistogram\HdrHistogram\2.1.9\HdrHistogram-2.1.9.jar;E:\maven\maven_jar\org\latencyutils\LatencyUtils\2.0.3\LatencyUtils-2.0.3.jar;E:\maven\maven_jar\org\springframework\cloud\spring-cloud-starter-hystrix\1.4.6.RELEASE\spring-cloud-starter-hystrix-1.4.6.RELEASE.jar;E:\maven\maven_jar\org\springframework\cloud\spring-cloud-starter-netflix-hystrix\2.1.1.RELEASE\spring-cloud-starter-netflix-hystrix-2.1.1.RELEASE.jar;E:\maven\maven_jar\org\springframework\cloud\spring-cloud-starter\2.1.1.RELEASE\spring-cloud-starter-2.1.1.RELEASE.jar;E:\maven\maven_jar\org\springframework\cloud\spring-cloud-context\2.1.1.RELEASE\spring-cloud-context-2.1.1.RELEASE.jar;E:\maven\maven_jar\org\springframework\security\spring-security-crypto\5.1.5.RELEASE\spring-security-crypto-5.1.5.RELEASE.jar;E:\maven\maven_jar\org\springframework\cloud\spring-cloud-commons\2.1.1.RELEASE\spring-cloud-commons-2.1.1.RELEASE.jar;E:\maven\maven_jar\org\springframework\security\spring-security-rsa\1.0.7.RELEASE\spring-security-rsa-1.0.7.RELEASE.jar;E:\maven\maven_jar\org\bouncycastle\bcpkix-jdk15on\1.60\bcpkix-jdk15on-1.60.jar;E:\maven\maven_jar\org\bouncycastle\bcprov-jdk15on\1.60\bcprov-jdk15on-1.60.jar;E:\maven\maven_jar\org\springframework\cloud\spring-cloud-netflix-hystrix\2.1.1.RELEASE\spring-cloud-netflix-hystrix-2.1.1.RELEASE.jar;E:\maven\maven_jar\org\springframework\boot\spring-boot-starter-aop\2.1.4.RELEASE\spring-boot-starter-aop-2.1.4.RELEASE.jar;E:\maven\maven_jar\org\springframework\cloud\spring-cloud-netflix-ribbon\2.1.1.RELEASE\spring-cloud-netflix-ribbon-2.1.1.RELEASE.jar;E:\maven\maven_jar\org\springframework\cloud\spring-cloud-netflix-archaius\2.1.1.RELEASE\spring-cloud-netflix-archaius-2.1.1.RELEASE.jar;E:\maven\maven_jar\org\springframework\cloud\spring-cloud-starter-netflix-archaius\2.1.1.RELEASE\spring-cloud-starter-netflix-archaius-2.1.1.RELEASE.jar;E:\maven\maven_jar\com\netflix\archaius\archaius-core\0.7.6\archaius-core-0.7.6.jar;E:\maven\maven_jar\com\google\code\findbugs\jsr305\3.0.1\jsr305-3.0.1.jar;E:\maven\maven_jar\commons-configuration\commons-configuration\1.8\commons-configuration-1.8.jar;E:\maven\maven_jar\commons-lang\commons-lang\2.6\commons-lang-2.6.jar;E:\maven\maven_jar\com\netflix\hystrix\hystrix-core\1.5.18\hystrix-core-1.5.18.jar;E:\maven\maven_jar\org\slf4j\slf4j-api\1.7.26\slf4j-api-1.7.26.jar;E:\maven\maven_jar\io\reactivex\rxjava\1.3.8\rxjava-1.3.8.jar;E:\maven\maven_jar\com\netflix\hystrix\hystrix-serialization\1.5.18\hystrix-serialization-1.5.18.jar;E:\maven\maven_jar\com\fasterxml\jackson\module\jackson-module-afterburner\2.9.8\jackson-module-afterburner-2.9.8.jar;E:\maven\maven_jar\com\netflix\hystrix\hystrix-metrics-event-stream\1.5.18\hystrix-metrics-event-stream-1.5.18.jar;E:\maven\maven_jar\com\netflix\hystrix\hystrix-javanica\1.5.18\hystrix-javanica-1.5.18.jar;E:\maven\maven_jar\org\apache\commons\commons-lang3\3.8.1\commons-lang3-3.8.1.jar;E:\maven\maven_jar\org\ow2\asm\asm\5.0.4\asm-5.0.4.jar;E:\maven\maven_jar\org\aspectj\aspectjweaver\1.9.2\aspectjweaver-1.9.2.jar;E:\maven\maven_jar\com\google\guava\guava\15.0\guava-15.0.jar;E:\maven\maven_jar\io\reactivex\rxjava-reactive-streams\1.2.1\rxjava-reactive-streams-1.2.1.jar;E:\maven\maven_jar\org\reactivestreams\reactive-streams\1.0.2\reactive-streams-1.0.2.jar;E:\maven\maven_jar\org\springframework\cloud\spring-cloud-starter-eureka\1.4.6.RELEASE\spring-cloud-starter-eureka-1.4.6.RELEASE.jar;E:\maven\maven_jar\org\springframework\cloud\spring-cloud-starter-netflix-eureka-client\2.1.1.RELEASE\spring-cloud-starter-netflix-eureka-client-2.1.1.RELEASE.jar;E:\maven\maven_jar\org\springframework\cloud\spring-cloud-netflix-eureka-client\2.1.1.RELEASE\spring-cloud-netflix-eureka-client-2.1.1.RELEASE.jar;E:\maven\maven_jar\com\netflix\eureka\eureka-client\1.9.8\eureka-client-1.9.8.jar;E:\maven\maven_jar\org\codehaus\jettison\jettison\1.3.7\jettison-1.3.7.jar;E:\maven\maven_jar\stax\stax-api\1.0.1\stax-api-1.0.1.jar;E:\maven\maven_jar\com\netflix\netflix-commons\netflix-eventbus\0.3.0\netflix-eventbus-0.3.0.jar;E:\maven\maven_jar\com\netflix\netflix-commons\netflix-infix\0.3.0\netflix-infix-0.3.0.jar;E:\maven\maven_jar\commons-jxpath\commons-jxpath\1.3\commons-jxpath-1.3.jar;E:\maven\maven_jar\joda-time\joda-time\2.10.1\joda-time-2.10.1.jar;E:\maven\maven_jar\org\antlr\antlr-runtime\3.4\antlr-runtime-3.4.jar;E:\maven\maven_jar\org\antlr\stringtemplate\3.2.1\stringtemplate-3.2.1.jar;E:\maven\maven_jar\antlr\antlr\2.7.7\antlr-2.7.7.jar;E:\maven\maven_jar\com\google\code\gson\gson\2.8.5\gson-2.8.5.jar;E:\maven\maven_jar\org\apache\commons\commons-math\2.2\commons-math-2.2.jar;E:\maven\maven_jar\javax\ws\rs\jsr311-api\1.1.1\jsr311-api-1.1.1.jar;E:\maven\maven_jar\com\netflix\servo\servo-core\0.12.21\servo-core-0.12.21.jar;E:\maven\maven_jar\com\sun\jersey\jersey-core\1.19.1\jersey-core-1.19.1.jar;E:\maven\maven_jar\com\sun\jersey\jersey-client\1.19.1\jersey-client-1.19.1.jar;E:\maven\maven_jar\com\sun\jersey\contribs\jersey-apache-client4\1.19.1\jersey-apache-client4-1.19.1.jar;E:\maven\maven_jar\org\apache\httpcomponents\httpclient\4.5.8\httpclient-4.5.8.jar;E:\maven\maven_jar\org\apache\httpcomponents\httpcore\4.4.11\httpcore-4.4.11.jar;E:\maven\maven_jar\commons-codec\commons-codec\1.11\commons-codec-1.11.jar;E:\maven\maven_jar\com\google\inject\guice\4.1.0\guice-4.1.0.jar;E:\maven\maven_jar\javax\inject\javax.inject\1\javax.inject-1.jar;E:\maven\maven_jar\aopalliance\aopalliance\1.0\aopalliance-1.0.jar;E:\maven\maven_jar\com\github\vlsi\compactmap\compactmap\1.2.1\compactmap-1.2.1.jar;E:\maven\maven_jar\com\github\andrewoma\dexx\dexx-collections\0.2\dexx-collections-0.2.jar;E:\maven\maven_jar\com\netflix\eureka\eureka-core\1.9.8\eureka-core-1.9.8.jar;E:\maven\maven_jar\org\codehaus\woodstox\woodstox-core-asl\4.4.1\woodstox-core-asl-4.4.1.jar;E:\maven\maven_jar\javax\xml\stream\stax-api\1.0-2\stax-api-1.0-2.jar;E:\maven\maven_jar\org\codehaus\woodstox\stax2-api\3.1.4\stax2-api-3.1.4.jar;E:\maven\maven_jar\org\springframework\cloud\spring-cloud-starter-netflix-ribbon\2.1.1.RELEASE\spring-cloud-starter-netflix-ribbon-2.1.1.RELEASE.jar;E:\maven\maven_jar\com\netflix\ribbon\ribbon\2.3.0\ribbon-2.3.0.jar;E:\maven\maven_jar\com\netflix\ribbon\ribbon-transport\2.3.0\ribbon-transport-2.3.0.jar;E:\maven\maven_jar\io\reactivex\rxnetty-contexts\0.4.9\rxnetty-contexts-0.4.9.jar;E:\maven\maven_jar\io\reactivex\rxnetty-servo\0.4.9\rxnetty-servo-0.4.9.jar;E:\maven\maven_jar\io\reactivex\rxnetty\0.4.9\rxnetty-0.4.9.jar;E:\maven\maven_jar\com\netflix\ribbon\ribbon-core\2.3.0\ribbon-core-2.3.0.jar;E:\maven\maven_jar\com\netflix\ribbon\ribbon-httpclient\2.3.0\ribbon-httpclient-2.3.0.jar;E:\maven\maven_jar\commons-collections\commons-collections\3.2.2\commons-collections-3.2.2.jar;E:\maven\maven_jar\com\netflix\netflix-commons\netflix-commons-util\0.3.0\netflix-commons-util-0.3.0.jar;E:\maven\maven_jar\com\netflix\ribbon\ribbon-loadbalancer\2.3.0\ribbon-loadbalancer-2.3.0.jar;E:\maven\maven_jar\com\netflix\netflix-commons\netflix-statistics\0.1.1\netflix-statistics-0.1.1.jar;E:\maven\maven_jar\com\netflix\ribbon\ribbon-eureka\2.3.0\ribbon-eureka-2.3.0.jar;E:\maven\maven_jar\com\thoughtworks\xstream\xstream\1.4.10\xstream-1.4.10.jar;E:\maven\maven_jar\xmlpull\xmlpull\1.1.3.1\xmlpull-1.1.3.1.jar;E:\maven\maven_jar\xpp3\xpp3_min\1.1.4c\xpp3_min-1.1.4c.jar;E:\ideaProject\框架代码\codingce-springcloud\springcloud-api\target\springcloud-api-1.0-SNAPSHOT.jar;E:\maven\maven_jar\org\springframework\cloud\spring-cloud-starter-feign\1.4.6.RELEASE\spring-cloud-starter-feign-1.4.6.RELEASE.jar;E:\maven\maven_jar\org\springframework\cloud\spring-cloud-starter-openfeign\2.1.1.RELEASE\spring-cloud-starter-openfeign-2.1.1.RELEASE.jar;E:\maven\maven_jar\org\springframework\cloud\spring-cloud-openfeign-core\2.1.1.RELEASE\spring-cloud-openfeign-core-2.1.1.RELEASE.jar;E:\maven\maven_jar\io\github\openfeign\form\feign-form-spring\3.5.0\feign-form-spring-3.5.0.jar;E:\maven\maven_jar\io\github\openfeign\form\feign-form\3.5.0\feign-form-3.5.0.jar;E:\maven\maven_jar\commons-fileupload\commons-fileupload\1.3.3\commons-fileupload-1.3.3.jar;E:\maven\maven_jar\commons-io\commons-io\2.2\commons-io-2.2.jar;E:\maven\maven_jar\io\github\openfeign\feign-core\10.1.0\feign-core-10.1.0.jar;E:\maven\maven_jar\io\github\openfeign\feign-slf4j\10.1.0\feign-slf4j-10.1.0.jar;E:\maven\maven_jar\io\github\openfeign\feign-hystrix\10.1.0\feign-hystrix-10.1.0.jar;E:\maven\maven_jar\junit\junit\4.12\junit-4.12.jar;E:\maven\maven_jar\org\hamcrest\hamcrest-core\1.3\hamcrest-core-1.3.jar;E:\maven\maven_jar\mysql\mysql-connector-java\8.0.11\mysql-connector-java-8.0.11.jar;E:\maven\maven_jar\com\google\protobuf\protobuf-java\2.6.0\protobuf-java-2.6.0.jar;E:\maven\maven_jar\com\alibaba\druid\1.1.10\druid-1.1.10.jar;E:\maven\maven_jar\ch\qos\logback\logback-core\1.2.3\logback-core-1.2.3.jar;E:\maven\maven_jar\org\mybatis\spring\boot\mybatis-spring-boot-starter\1.3.2\mybatis-spring-boot-starter-1.3.2.jar;E:\maven\maven_jar\org\springframework\boot\spring-boot-starter-jdbc\2.1.4.RELEASE\spring-boot-starter-jdbc-2.1.4.RELEASE.jar;E:\maven\maven_jar\com\zaxxer\HikariCP\3.2.0\HikariCP-3.2.0.jar;E:\maven\maven_jar\org\springframework\spring-jdbc\5.1.6.RELEASE\spring-jdbc-5.1.6.RELEASE.jar;E:\maven\maven_jar\org\springframework\spring-tx\5.1.6.RELEASE\spring-tx-5.1.6.RELEASE.jar;E:\maven\maven_jar\org\mybatis\spring\boot\mybatis-spring-boot-autoconfigure\1.3.2\mybatis-spring-boot-autoconfigure-1.3.2.jar;E:\maven\maven_jar\org\mybatis\mybatis\3.4.6\mybatis-3.4.6.jar;E:\maven\maven_jar\org\mybatis\mybatis-spring\1.3.2\mybatis-spring-1.3.2.jar;E:\maven\maven_jar\org\springframework\boot\spring-boot-test\2.1.4.RELEASE\spring-boot-test-2.1.4.RELEASE.jar;E:\maven\maven_jar\org\springframework\boot\spring-boot\2.1.4.RELEASE\spring-boot-2.1.4.RELEASE.jar;E:\maven\maven_jar\org\springframework\boot\spring-boot-starter-web\2.0.1.RELEASE\spring-boot-starter-web-2.0.1.RELEASE.jar;E:\maven\maven_jar\org\springframework\boot\spring-boot-starter-json\2.1.4.RELEASE\spring-boot-starter-json-2.1.4.RELEASE.jar;E:\maven\maven_jar\com\fasterxml\jackson\datatype\jackson-datatype-jdk8\2.9.8\jackson-datatype-jdk8-2.9.8.jar;E:\maven\maven_jar\com\fasterxml\jackson\module\jackson-module-parameter-names\2.9.8\jackson-module-parameter-names-2.9.8.jar;E:\maven\maven_jar\org\springframework\boot\spring-boot-starter-tomcat\2.1.4.RELEASE\spring-boot-starter-tomcat-2.1.4.RELEASE.jar;E:\maven\maven_jar\org\apache\tomcat\embed\tomcat-embed-core\9.0.17\tomcat-embed-core-9.0.17.jar;E:\maven\maven_jar\org\apache\tomcat\embed\tomcat-embed-el\9.0.17\tomcat-embed-el-9.0.17.jar;E:\maven\maven_jar\org\apache\tomcat\embed\tomcat-embed-websocket\9.0.17\tomcat-embed-websocket-9.0.17.jar;E:\maven\maven_jar\org\hibernate\validator\hibernate-validator\6.0.16.Final\hibernate-validator-6.0.16.Final.jar;E:\maven\maven_jar\javax\validation\validation-api\2.0.1.Final\validation-api-2.0.1.Final.jar;E:\maven\maven_jar\org\jboss\logging\jboss-logging\3.3.2.Final\jboss-logging-3.3.2.Final.jar;E:\maven\maven_jar\com\fasterxml\classmate\1.4.0\classmate-1.4.0.jar;E:\maven\maven_jar\org\springframework\spring-web\5.1.6.RELEASE\spring-web-5.1.6.RELEASE.jar;E:\maven\maven_jar\org\springframework\spring-beans\5.1.6.RELEASE\spring-beans-5.1.6.RELEASE.jar;E:\maven\maven_jar\org\springframework\spring-webmvc\5.1.6.RELEASE\spring-webmvc-5.1.6.RELEASE.jar;E:\maven\maven_jar\org\springframework\spring-aop\5.1.6.RELEASE\spring-aop-5.1.6.RELEASE.jar;E:\maven\maven_jar\org\springframework\spring-expression\5.1.6.RELEASE\spring-expression-5.1.6.RELEASE.jar;E:\maven\maven_jar\org\springframework\boot\spring-boot-starter-jetty\2.0.1.RELEASE\spring-boot-starter-jetty-2.0.1.RELEASE.jar;E:\maven\maven_jar\org\eclipse\jetty\jetty-servlets\9.4.15.v20190215\jetty-servlets-9.4.15.v20190215.jar;E:\maven\maven_jar\org\eclipse\jetty\jetty-continuation\9.4.15.v20190215\jetty-continuation-9.4.15.v20190215.jar;E:\maven\maven_jar\org\eclipse\jetty\jetty-http\9.4.15.v20190215\jetty-http-9.4.15.v20190215.jar;E:\maven\maven_jar\org\eclipse\jetty\jetty-util\9.4.15.v20190215\jetty-util-9.4.15.v20190215.jar;E:\maven\maven_jar\org\eclipse\jetty\jetty-io\9.4.15.v20190215\jetty-io-9.4.15.v20190215.jar;E:\maven\maven_jar\org\eclipse\jetty\jetty-webapp\9.4.15.v20190215\jetty-webapp-9.4.15.v20190215.jar;E:\maven\maven_jar\org\eclipse\jetty\jetty-xml\9.4.15.v20190215\jetty-xml-9.4.15.v20190215.jar;E:\maven\maven_jar\org\eclipse\jetty\jetty-servlet\9.4.15.v20190215\jetty-servlet-9.4.15.v20190215.jar;E:\maven\maven_jar\org\eclipse\jetty\jetty-security\9.4.15.v20190215\jetty-security-9.4.15.v20190215.jar;E:\maven\maven_jar\org\eclipse\jetty\jetty-server\9.4.15.v20190215\jetty-server-9.4.15.v20190215.jar;E:\maven\maven_jar\org\eclipse\jetty\websocket\websocket-server\9.4.15.v20190215\websocket-server-9.4.15.v20190215.jar;E:\maven\maven_jar\org\eclipse\jetty\websocket\websocket-common\9.4.15.v20190215\websocket-common-9.4.15.v20190215.jar;E:\maven\maven_jar\org\eclipse\jetty\websocket\websocket-api\9.4.15.v20190215\websocket-api-9.4.15.v20190215.jar;E:\maven\maven_jar\org\eclipse\jetty\websocket\websocket-client\9.4.15.v20190215\websocket-client-9.4.15.v20190215.jar;E:\maven\maven_jar\org\eclipse\jetty\jetty-client\9.4.15.v20190215\jetty-client-9.4.15.v20190215.jar;E:\maven\maven_jar\org\eclipse\jetty\websocket\websocket-servlet\9.4.15.v20190215\websocket-servlet-9.4.15.v20190215.jar;E:\maven\maven_jar\javax\servlet\javax.servlet-api\4.0.1\javax.servlet-api-4.0.1.jar;E:\maven\maven_jar\org\eclipse\jetty\websocket\javax-websocket-server-impl\9.4.15.v20190215\javax-websocket-server-impl-9.4.15.v20190215.jar;E:\maven\maven_jar\org\eclipse\jetty\jetty-annotations\9.4.15.v20190215\jetty-annotations-9.4.15.v20190215.jar;E:\maven\maven_jar\org\eclipse\jetty\jetty-plus\9.4.15.v20190215\jetty-plus-9.4.15.v20190215.jar;E:\maven\maven_jar\org\ow2\asm\asm-commons\7.0\asm-commons-7.0.jar;E:\maven\maven_jar\org\ow2\asm\asm-tree\7.0\asm-tree-7.0.jar;E:\maven\maven_jar\org\ow2\asm\asm-analysis\7.0\asm-analysis-7.0.jar;E:\maven\maven_jar\org\eclipse\jetty\websocket\javax-websocket-client-impl\9.4.15.v20190215\javax-websocket-client-impl-9.4.15.v20190215.jar;E:\maven\maven_jar\javax\websocket\javax.websocket-api\1.1\javax.websocket-api-1.1.jar;E:\maven\maven_jar\org\mortbay\jasper\apache-el\8.5.35.1\apache-el-8.5.35.1.jar;E:\maven\maven_jar\org\springframework\boot\spring-boot-devtools\2.1.4.RELEASE\spring-boot-devtools-2.1.4.RELEASE.jar;E:\maven\maven_jar\org\springframework\boot\spring-boot-autoconfigure\2.1.4.RELEASE\spring-boot-autoconfigure-2.1.4.RELEASE.jar;"/>
    <property name="java.vm.vendor" value="Oracle Corporation"/>
    <property name="sun.arch.data.model" value="64"/>
    <property name="user.variant" value=""/>
    <property name="java.vendor.url" value="http://java.oracle.com/"/>
    <property name="user.timezone" value="Asia/Shanghai"/>
    <property name="java.vm.specification.version" value="1.8"/>
    <property name="os.name" value="Windows 10"/>
    <property name="user.country" value="CN"/>
    <property name="sun.java.launcher" value="SUN_STANDARD"/>
    <property name="sun.boot.library.path" value="C:\Program Files\Java\jdk1.8.0_181\jre\bin"/>
    <property name="sun.java.command" value="C:\Users\汪武云\AppData\Local\Temp\surefire9089470416188090470\surefirebooter4343722650966868741.jar C:\Users\汪武云\AppData\Local\Temp\surefire9089470416188090470 2020-11-10T14-14-32_460-jvmRun1 surefire5877388241536141601tmp surefire_02925983630520998491tmp"/>
    <property name="surefire.test.class.path" value="E:\ideaProject\框架代码\codingce-springcloud\springcloud-provider-dept-8001\target\test-classes;E:\ideaProject\框架代码\codingce-springcloud\springcloud-provider-dept-8001\target\classes;E:\maven\maven_jar\org\springframework\boot\spring-boot-starter-actuator\2.1.4.RELEASE\spring-boot-starter-actuator-2.1.4.RELEASE.jar;E:\maven\maven_jar\org\springframework\boot\spring-boot-starter\2.1.4.RELEASE\spring-boot-starter-2.1.4.RELEASE.jar;E:\maven\maven_jar\org\springframework\boot\spring-boot-starter-logging\2.1.4.RELEASE\spring-boot-starter-logging-2.1.4.RELEASE.jar;E:\maven\maven_jar\ch\qos\logback\logback-classic\1.2.3\logback-classic-1.2.3.jar;E:\maven\maven_jar\org\apache\logging\log4j\log4j-to-slf4j\2.11.2\log4j-to-slf4j-2.11.2.jar;E:\maven\maven_jar\org\apache\logging\log4j\log4j-api\2.11.2\log4j-api-2.11.2.jar;E:\maven\maven_jar\org\slf4j\jul-to-slf4j\1.7.26\jul-to-slf4j-1.7.26.jar;E:\maven\maven_jar\javax\annotation\javax.annotation-api\1.3.2\javax.annotation-api-1.3.2.jar;E:\maven\maven_jar\org\springframework\spring-core\5.1.6.RELEASE\spring-core-5.1.6.RELEASE.jar;E:\maven\maven_jar\org\springframework\spring-jcl\5.1.6.RELEASE\spring-jcl-5.1.6.RELEASE.jar;E:\maven\maven_jar\org\yaml\snakeyaml\1.23\snakeyaml-1.23.jar;E:\maven\maven_jar\org\springframework\boot\spring-boot-actuator-autoconfigure\2.1.4.RELEASE\spring-boot-actuator-autoconfigure-2.1.4.RELEASE.jar;E:\maven\maven_jar\org\springframework\boot\spring-boot-actuator\2.1.4.RELEASE\spring-boot-actuator-2.1.4.RELEASE.jar;E:\maven\maven_jar\com\fasterxml\jackson\core\jackson-databind\2.9.8\jackson-databind-2.9.8.jar;E:\maven\maven_jar\com\fasterxml\jackson\core\jackson-annotations\2.9.0\jackson-annotations-2.9.0.jar;E:\maven\maven_jar\com\fasterxml\jackson\core\jackson-core\2.9.8\jackson-core-2.9.8.jar;E:\maven\maven_jar\org\springframework\spring-context\5.1.6.RELEASE\spring-context-5.1.6.RELEASE.jar;E:\maven\maven_jar\com\fasterxml\jackson\datatype\jackson-datatype-jsr310\2.9.8\jackson-datatype-jsr310-2.9.8.jar;E:\maven\maven_jar\io\micrometer\micrometer-core\1.1.4\micrometer-core-1.1.4.jar;E:\maven\maven_jar\org\hdrhistogram\HdrHistogram\2.1.9\HdrHistogram-2.1.9.jar;E:\maven\maven_jar\org\latencyutils\LatencyUtils\2.0.3\LatencyUtils-2.0.3.jar;E:\maven\maven_jar\org\springframework\cloud\spring-cloud-starter-hystrix\1.4.6.RELEASE\spring-cloud-starter-hystrix-1.4.6.RELEASE.jar;E:\maven\maven_jar\org\springframework\cloud\spring-cloud-starter-netflix-hystrix\2.1.1.RELEASE\spring-cloud-starter-netflix-hystrix-2.1.1.RELEASE.jar;E:\maven\maven_jar\org\springframework\cloud\spring-cloud-starter\2.1.1.RELEASE\spring-cloud-starter-2.1.1.RELEASE.jar;E:\maven\maven_jar\org\springframework\cloud\spring-cloud-context\2.1.1.RELEASE\spring-cloud-context-2.1.1.RELEASE.jar;E:\maven\maven_jar\org\springframework\security\spring-security-crypto\5.1.5.RELEASE\spring-security-crypto-5.1.5.RELEASE.jar;E:\maven\maven_jar\org\springframework\cloud\spring-cloud-commons\2.1.1.RELEASE\spring-cloud-commons-2.1.1.RELEASE.jar;E:\maven\maven_jar\org\springframework\security\spring-security-rsa\1.0.7.RELEASE\spring-security-rsa-1.0.7.RELEASE.jar;E:\maven\maven_jar\org\bouncycastle\bcpkix-jdk15on\1.60\bcpkix-jdk15on-1.60.jar;E:\maven\maven_jar\org\bouncycastle\bcprov-jdk15on\1.60\bcprov-jdk15on-1.60.jar;E:\maven\maven_jar\org\springframework\cloud\spring-cloud-netflix-hystrix\2.1.1.RELEASE\spring-cloud-netflix-hystrix-2.1.1.RELEASE.jar;E:\maven\maven_jar\org\springframework\boot\spring-boot-starter-aop\2.1.4.RELEASE\spring-boot-starter-aop-2.1.4.RELEASE.jar;E:\maven\maven_jar\org\springframework\cloud\spring-cloud-netflix-ribbon\2.1.1.RELEASE\spring-cloud-netflix-ribbon-2.1.1.RELEASE.jar;E:\maven\maven_jar\org\springframework\cloud\spring-cloud-netflix-archaius\2.1.1.RELEASE\spring-cloud-netflix-archaius-2.1.1.RELEASE.jar;E:\maven\maven_jar\org\springframework\cloud\spring-cloud-starter-netflix-archaius\2.1.1.RELEASE\spring-cloud-starter-netflix-archaius-2.1.1.RELEASE.jar;E:\maven\maven_jar\com\netflix\archaius\archaius-core\0.7.6\archaius-core-0.7.6.jar;E:\maven\maven_jar\com\google\code\findbugs\jsr305\3.0.1\jsr305-3.0.1.jar;E:\maven\maven_jar\commons-configuration\commons-configuration\1.8\commons-configuration-1.8.jar;E:\maven\maven_jar\commons-lang\commons-lang\2.6\commons-lang-2.6.jar;E:\maven\maven_jar\com\netflix\hystrix\hystrix-core\1.5.18\hystrix-core-1.5.18.jar;E:\maven\maven_jar\org\slf4j\slf4j-api\1.7.26\slf4j-api-1.7.26.jar;E:\maven\maven_jar\io\reactivex\rxjava\1.3.8\rxjava-1.3.8.jar;E:\maven\maven_jar\com\netflix\hystrix\hystrix-serialization\1.5.18\hystrix-serialization-1.5.18.jar;E:\maven\maven_jar\com\fasterxml\jackson\module\jackson-module-afterburner\2.9.8\jackson-module-afterburner-2.9.8.jar;E:\maven\maven_jar\com\netflix\hystrix\hystrix-metrics-event-stream\1.5.18\hystrix-metrics-event-stream-1.5.18.jar;E:\maven\maven_jar\com\netflix\hystrix\hystrix-javanica\1.5.18\hystrix-javanica-1.5.18.jar;E:\maven\maven_jar\org\apache\commons\commons-lang3\3.8.1\commons-lang3-3.8.1.jar;E:\maven\maven_jar\org\ow2\asm\asm\5.0.4\asm-5.0.4.jar;E:\maven\maven_jar\org\aspectj\aspectjweaver\1.9.2\aspectjweaver-1.9.2.jar;E:\maven\maven_jar\com\google\guava\guava\15.0\guava-15.0.jar;E:\maven\maven_jar\io\reactivex\rxjava-reactive-streams\1.2.1\rxjava-reactive-streams-1.2.1.jar;E:\maven\maven_jar\org\reactivestreams\reactive-streams\1.0.2\reactive-streams-1.0.2.jar;E:\maven\maven_jar\org\springframework\cloud\spring-cloud-starter-eureka\1.4.6.RELEASE\spring-cloud-starter-eureka-1.4.6.RELEASE.jar;E:\maven\maven_jar\org\springframework\cloud\spring-cloud-starter-netflix-eureka-client\2.1.1.RELEASE\spring-cloud-starter-netflix-eureka-client-2.1.1.RELEASE.jar;E:\maven\maven_jar\org\springframework\cloud\spring-cloud-netflix-eureka-client\2.1.1.RELEASE\spring-cloud-netflix-eureka-client-2.1.1.RELEASE.jar;E:\maven\maven_jar\com\netflix\eureka\eureka-client\1.9.8\eureka-client-1.9.8.jar;E:\maven\maven_jar\org\codehaus\jettison\jettison\1.3.7\jettison-1.3.7.jar;E:\maven\maven_jar\stax\stax-api\1.0.1\stax-api-1.0.1.jar;E:\maven\maven_jar\com\netflix\netflix-commons\netflix-eventbus\0.3.0\netflix-eventbus-0.3.0.jar;E:\maven\maven_jar\com\netflix\netflix-commons\netflix-infix\0.3.0\netflix-infix-0.3.0.jar;E:\maven\maven_jar\commons-jxpath\commons-jxpath\1.3\commons-jxpath-1.3.jar;E:\maven\maven_jar\joda-time\joda-time\2.10.1\joda-time-2.10.1.jar;E:\maven\maven_jar\org\antlr\antlr-runtime\3.4\antlr-runtime-3.4.jar;E:\maven\maven_jar\org\antlr\stringtemplate\3.2.1\stringtemplate-3.2.1.jar;E:\maven\maven_jar\antlr\antlr\2.7.7\antlr-2.7.7.jar;E:\maven\maven_jar\com\google\code\gson\gson\2.8.5\gson-2.8.5.jar;E:\maven\maven_jar\org\apache\commons\commons-math\2.2\commons-math-2.2.jar;E:\maven\maven_jar\javax\ws\rs\jsr311-api\1.1.1\jsr311-api-1.1.1.jar;E:\maven\maven_jar\com\netflix\servo\servo-core\0.12.21\servo-core-0.12.21.jar;E:\maven\maven_jar\com\sun\jersey\jersey-core\1.19.1\jersey-core-1.19.1.jar;E:\maven\maven_jar\com\sun\jersey\jersey-client\1.19.1\jersey-client-1.19.1.jar;E:\maven\maven_jar\com\sun\jersey\contribs\jersey-apache-client4\1.19.1\jersey-apache-client4-1.19.1.jar;E:\maven\maven_jar\org\apache\httpcomponents\httpclient\4.5.8\httpclient-4.5.8.jar;E:\maven\maven_jar\org\apache\httpcomponents\httpcore\4.4.11\httpcore-4.4.11.jar;E:\maven\maven_jar\commons-codec\commons-codec\1.11\commons-codec-1.11.jar;E:\maven\maven_jar\com\google\inject\guice\4.1.0\guice-4.1.0.jar;E:\maven\maven_jar\javax\inject\javax.inject\1\javax.inject-1.jar;E:\maven\maven_jar\aopalliance\aopalliance\1.0\aopalliance-1.0.jar;E:\maven\maven_jar\com\github\vlsi\compactmap\compactmap\1.2.1\compactmap-1.2.1.jar;E:\maven\maven_jar\com\github\andrewoma\dexx\dexx-collections\0.2\dexx-collections-0.2.jar;E:\maven\maven_jar\com\netflix\eureka\eureka-core\1.9.8\eureka-core-1.9.8.jar;E:\maven\maven_jar\org\codehaus\woodstox\woodstox-core-asl\4.4.1\woodstox-core-asl-4.4.1.jar;E:\maven\maven_jar\javax\xml\stream\stax-api\1.0-2\stax-api-1.0-2.jar;E:\maven\maven_jar\org\codehaus\woodstox\stax2-api\3.1.4\stax2-api-3.1.4.jar;E:\maven\maven_jar\org\springframework\cloud\spring-cloud-starter-netflix-ribbon\2.1.1.RELEASE\spring-cloud-starter-netflix-ribbon-2.1.1.RELEASE.jar;E:\maven\maven_jar\com\netflix\ribbon\ribbon\2.3.0\ribbon-2.3.0.jar;E:\maven\maven_jar\com\netflix\ribbon\ribbon-transport\2.3.0\ribbon-transport-2.3.0.jar;E:\maven\maven_jar\io\reactivex\rxnetty-contexts\0.4.9\rxnetty-contexts-0.4.9.jar;E:\maven\maven_jar\io\reactivex\rxnetty-servo\0.4.9\rxnetty-servo-0.4.9.jar;E:\maven\maven_jar\io\reactivex\rxnetty\0.4.9\rxnetty-0.4.9.jar;E:\maven\maven_jar\com\netflix\ribbon\ribbon-core\2.3.0\ribbon-core-2.3.0.jar;E:\maven\maven_jar\com\netflix\ribbon\ribbon-httpclient\2.3.0\ribbon-httpclient-2.3.0.jar;E:\maven\maven_jar\commons-collections\commons-collections\3.2.2\commons-collections-3.2.2.jar;E:\maven\maven_jar\com\netflix\netflix-commons\netflix-commons-util\0.3.0\netflix-commons-util-0.3.0.jar;E:\maven\maven_jar\com\netflix\ribbon\ribbon-loadbalancer\2.3.0\ribbon-loadbalancer-2.3.0.jar;E:\maven\maven_jar\com\netflix\netflix-commons\netflix-statistics\0.1.1\netflix-statistics-0.1.1.jar;E:\maven\maven_jar\com\netflix\ribbon\ribbon-eureka\2.3.0\ribbon-eureka-2.3.0.jar;E:\maven\maven_jar\com\thoughtworks\xstream\xstream\1.4.10\xstream-1.4.10.jar;E:\maven\maven_jar\xmlpull\xmlpull\1.1.3.1\xmlpull-1.1.3.1.jar;E:\maven\maven_jar\xpp3\xpp3_min\1.1.4c\xpp3_min-1.1.4c.jar;E:\ideaProject\框架代码\codingce-springcloud\springcloud-api\target\springcloud-api-1.0-SNAPSHOT.jar;E:\maven\maven_jar\org\springframework\cloud\spring-cloud-starter-feign\1.4.6.RELEASE\spring-cloud-starter-feign-1.4.6.RELEASE.jar;E:\maven\maven_jar\org\springframework\cloud\spring-cloud-starter-openfeign\2.1.1.RELEASE\spring-cloud-starter-openfeign-2.1.1.RELEASE.jar;E:\maven\maven_jar\org\springframework\cloud\spring-cloud-openfeign-core\2.1.1.RELEASE\spring-cloud-openfeign-core-2.1.1.RELEASE.jar;E:\maven\maven_jar\io\github\openfeign\form\feign-form-spring\3.5.0\feign-form-spring-3.5.0.jar;E:\maven\maven_jar\io\github\openfeign\form\feign-form\3.5.0\feign-form-3.5.0.jar;E:\maven\maven_jar\commons-fileupload\commons-fileupload\1.3.3\commons-fileupload-1.3.3.jar;E:\maven\maven_jar\commons-io\commons-io\2.2\commons-io-2.2.jar;E:\maven\maven_jar\io\github\openfeign\feign-core\10.1.0\feign-core-10.1.0.jar;E:\maven\maven_jar\io\github\openfeign\feign-slf4j\10.1.0\feign-slf4j-10.1.0.jar;E:\maven\maven_jar\io\github\openfeign\feign-hystrix\10.1.0\feign-hystrix-10.1.0.jar;E:\maven\maven_jar\junit\junit\4.12\junit-4.12.jar;E:\maven\maven_jar\org\hamcrest\hamcrest-core\1.3\hamcrest-core-1.3.jar;E:\maven\maven_jar\mysql\mysql-connector-java\8.0.11\mysql-connector-java-8.0.11.jar;E:\maven\maven_jar\com\google\protobuf\protobuf-java\2.6.0\protobuf-java-2.6.0.jar;E:\maven\maven_jar\com\alibaba\druid\1.1.10\druid-1.1.10.jar;E:\maven\maven_jar\ch\qos\logback\logback-core\1.2.3\logback-core-1.2.3.jar;E:\maven\maven_jar\org\mybatis\spring\boot\mybatis-spring-boot-starter\1.3.2\mybatis-spring-boot-starter-1.3.2.jar;E:\maven\maven_jar\org\springframework\boot\spring-boot-starter-jdbc\2.1.4.RELEASE\spring-boot-starter-jdbc-2.1.4.RELEASE.jar;E:\maven\maven_jar\com\zaxxer\HikariCP\3.2.0\HikariCP-3.2.0.jar;E:\maven\maven_jar\org\springframework\spring-jdbc\5.1.6.RELEASE\spring-jdbc-5.1.6.RELEASE.jar;E:\maven\maven_jar\org\springframework\spring-tx\5.1.6.RELEASE\spring-tx-5.1.6.RELEASE.jar;E:\maven\maven_jar\org\mybatis\spring\boot\mybatis-spring-boot-autoconfigure\1.3.2\mybatis-spring-boot-autoconfigure-1.3.2.jar;E:\maven\maven_jar\org\mybatis\mybatis\3.4.6\mybatis-3.4.6.jar;E:\maven\maven_jar\org\mybatis\mybatis-spring\1.3.2\mybatis-spring-1.3.2.jar;E:\maven\maven_jar\org\springframework\boot\spring-boot-test\2.1.4.RELEASE\spring-boot-test-2.1.4.RELEASE.jar;E:\maven\maven_jar\org\springframework\boot\spring-boot\2.1.4.RELEASE\spring-boot-2.1.4.RELEASE.jar;E:\maven\maven_jar\org\springframework\boot\spring-boot-starter-web\2.0.1.RELEASE\spring-boot-starter-web-2.0.1.RELEASE.jar;E:\maven\maven_jar\org\springframework\boot\spring-boot-starter-json\2.1.4.RELEASE\spring-boot-starter-json-2.1.4.RELEASE.jar;E:\maven\maven_jar\com\fasterxml\jackson\datatype\jackson-datatype-jdk8\2.9.8\jackson-datatype-jdk8-2.9.8.jar;E:\maven\maven_jar\com\fasterxml\jackson\module\jackson-module-parameter-names\2.9.8\jackson-module-parameter-names-2.9.8.jar;E:\maven\maven_jar\org\springframework\boot\spring-boot-starter-tomcat\2.1.4.RELEASE\spring-boot-starter-tomcat-2.1.4.RELEASE.jar;E:\maven\maven_jar\org\apache\tomcat\embed\tomcat-embed-core\9.0.17\tomcat-embed-core-9.0.17.jar;E:\maven\maven_jar\org\apache\tomcat\embed\tomcat-embed-el\9.0.17\tomcat-embed-el-9.0.17.jar;E:\maven\maven_jar\org\apache\tomcat\embed\tomcat-embed-websocket\9.0.17\tomcat-embed-websocket-9.0.17.jar;E:\maven\maven_jar\org\hibernate\validator\hibernate-validator\6.0.16.Final\hibernate-validator-6.0.16.Final.jar;E:\maven\maven_jar\javax\validation\validation-api\2.0.1.Final\validation-api-2.0.1.Final.jar;E:\maven\maven_jar\org\jboss\logging\jboss-logging\3.3.2.Final\jboss-logging-3.3.2.Final.jar;E:\maven\maven_jar\com\fasterxml\classmate\1.4.0\classmate-1.4.0.jar;E:\maven\maven_jar\org\springframework\spring-web\5.1.6.RELEASE\spring-web-5.1.6.RELEASE.jar;E:\maven\maven_jar\org\springframework\spring-beans\5.1.6.RELEASE\spring-beans-5.1.6.RELEASE.jar;E:\maven\maven_jar\org\springframework\spring-webmvc\5.1.6.RELEASE\spring-webmvc-5.1.6.RELEASE.jar;E:\maven\maven_jar\org\springframework\spring-aop\5.1.6.RELEASE\spring-aop-5.1.6.RELEASE.jar;E:\maven\maven_jar\org\springframework\spring-expression\5.1.6.RELEASE\spring-expression-5.1.6.RELEASE.jar;E:\maven\maven_jar\org\springframework\boot\spring-boot-starter-jetty\2.0.1.RELEASE\spring-boot-starter-jetty-2.0.1.RELEASE.jar;E:\maven\maven_jar\org\eclipse\jetty\jetty-servlets\9.4.15.v20190215\jetty-servlets-9.4.15.v20190215.jar;E:\maven\maven_jar\org\eclipse\jetty\jetty-continuation\9.4.15.v20190215\jetty-continuation-9.4.15.v20190215.jar;E:\maven\maven_jar\org\eclipse\jetty\jetty-http\9.4.15.v20190215\jetty-http-9.4.15.v20190215.jar;E:\maven\maven_jar\org\eclipse\jetty\jetty-util\9.4.15.v20190215\jetty-util-9.4.15.v20190215.jar;E:\maven\maven_jar\org\eclipse\jetty\jetty-io\9.4.15.v20190215\jetty-io-9.4.15.v20190215.jar;E:\maven\maven_jar\org\eclipse\jetty\jetty-webapp\9.4.15.v20190215\jetty-webapp-9.4.15.v20190215.jar;E:\maven\maven_jar\org\eclipse\jetty\jetty-xml\9.4.15.v20190215\jetty-xml-9.4.15.v20190215.jar;E:\maven\maven_jar\org\eclipse\jetty\jetty-servlet\9.4.15.v20190215\jetty-servlet-9.4.15.v20190215.jar;E:\maven\maven_jar\org\eclipse\jetty\jetty-security\9.4.15.v20190215\jetty-security-9.4.15.v20190215.jar;E:\maven\maven_jar\org\eclipse\jetty\jetty-server\9.4.15.v20190215\jetty-server-9.4.15.v20190215.jar;E:\maven\maven_jar\org\eclipse\jetty\websocket\websocket-server\9.4.15.v20190215\websocket-server-9.4.15.v20190215.jar;E:\maven\maven_jar\org\eclipse\jetty\websocket\websocket-common\9.4.15.v20190215\websocket-common-9.4.15.v20190215.jar;E:\maven\maven_jar\org\eclipse\jetty\websocket\websocket-api\9.4.15.v20190215\websocket-api-9.4.15.v20190215.jar;E:\maven\maven_jar\org\eclipse\jetty\websocket\websocket-client\9.4.15.v20190215\websocket-client-9.4.15.v20190215.jar;E:\maven\maven_jar\org\eclipse\jetty\jetty-client\9.4.15.v20190215\jetty-client-9.4.15.v20190215.jar;E:\maven\maven_jar\org\eclipse\jetty\websocket\websocket-servlet\9.4.15.v20190215\websocket-servlet-9.4.15.v20190215.jar;E:\maven\maven_jar\javax\servlet\javax.servlet-api\4.0.1\javax.servlet-api-4.0.1.jar;E:\maven\maven_jar\org\eclipse\jetty\websocket\javax-websocket-server-impl\9.4.15.v20190215\javax-websocket-server-impl-9.4.15.v20190215.jar;E:\maven\maven_jar\org\eclipse\jetty\jetty-annotations\9.4.15.v20190215\jetty-annotations-9.4.15.v20190215.jar;E:\maven\maven_jar\org\eclipse\jetty\jetty-plus\9.4.15.v20190215\jetty-plus-9.4.15.v20190215.jar;E:\maven\maven_jar\org\ow2\asm\asm-commons\7.0\asm-commons-7.0.jar;E:\maven\maven_jar\org\ow2\asm\asm-tree\7.0\asm-tree-7.0.jar;E:\maven\maven_jar\org\ow2\asm\asm-analysis\7.0\asm-analysis-7.0.jar;E:\maven\maven_jar\org\eclipse\jetty\websocket\javax-websocket-client-impl\9.4.15.v20190215\javax-websocket-client-impl-9.4.15.v20190215.jar;E:\maven\maven_jar\javax\websocket\javax.websocket-api\1.1\javax.websocket-api-1.1.jar;E:\maven\maven_jar\org\mortbay\jasper\apache-el\8.5.35.1\apache-el-8.5.35.1.jar;E:\maven\maven_jar\org\springframework\boot\spring-boot-devtools\2.1.4.RELEASE\spring-boot-devtools-2.1.4.RELEASE.jar;E:\maven\maven_jar\org\springframework\boot\spring-boot-autoconfigure\2.1.4.RELEASE\spring-boot-autoconfigure-2.1.4.RELEASE.jar;"/>
    <property name="sun.cpu.endian" value="little"/>
    <property name="user.home" value="C:\Users\汪武云"/>
    <property name="user.language" value="zh"/>
    <property name="java.specification.vendor" value="Oracle Corporation"/>
    <property name="java.home" value="C:\Program Files\Java\jdk1.8.0_181\jre"/>
    <property name="basedir" value="E:\ideaProject\框架代码\codingce-springcloud\springcloud-provider-dept-8001"/>
    <property name="file.separator" value="\"/>
    <property name="line.separator" value="&#10;"/>
    <property name="java.vm.specification.vendor" value="Oracle Corporation"/>
    <property name="java.specification.name" value="Java Platform API Specification"/>
    <property name="java.awt.graphicsenv" value="sun.awt.Win32GraphicsEnvironment"/>
    <property name="surefire.real.class.path" value="C:\Users\汪武云\AppData\Local\Temp\surefire9089470416188090470\surefirebooter4343722650966868741.jar"/>
    <property name="sun.boot.class.path" value="C:\Program Files\Java\jdk1.8.0_181\jre\lib\resources.jar;C:\Program Files\Java\jdk1.8.0_181\jre\lib\rt.jar;C:\Program Files\Java\jdk1.8.0_181\jre\lib\sunrsasign.jar;C:\Program Files\Java\jdk1.8.0_181\jre\lib\jsse.jar;C:\Program Files\Java\jdk1.8.0_181\jre\lib\jce.jar;C:\Program Files\Java\jdk1.8.0_181\jre\lib\charsets.jar;C:\Program Files\Java\jdk1.8.0_181\jre\lib\jfr.jar;C:\Program Files\Java\jdk1.8.0_181\jre\classes"/>
    <property name="user.script" value=""/>
    <property name="sun.management.compiler" value="HotSpot 64-Bit Tiered Compilers"/>
    <property name="java.runtime.version" value="1.8.0_181-b13"/>
    <property name="user.name" value="汪武云"/>
    <property name="path.separator" value=";"/>
    <property name="os.version" value="10.0"/>
    <property name="java.endorsed.dirs" value="C:\Program Files\Java\jdk1.8.0_181\jre\lib\endorsed"/>
    <property name="java.runtime.name" value="Java(TM) SE Runtime Environment"/>
    <property name="file.encoding" value="GBK"/>
    <property name="java.vm.name" value="Java HotSpot(TM) 64-Bit Server VM"/>
    <property name="localRepository" value="E:\maven\maven_jar"/>
    <property name="java.vendor.url.bug" value="http://bugreport.sun.com/bugreport/"/>
    <property name="java.io.tmpdir" value="C:\Users\汪武云\AppData\Local\Temp\"/>
    <property name="java.version" value="1.8.0_181"/>
    <property name="user.dir" value="E:\ideaProject\框架代码\codingce-springcloud\springcloud-provider-dept-8001"/>
    <property name="os.arch" value="amd64"/>
    <property name="java.vm.specification.name" value="Java Virtual Machine Specification"/>
    <property name="java.awt.printerjob" value="sun.awt.windows.WPrinterJob"/>
    <property name="sun.os.patch.level" value=""/>
    <property name="idea.version2019.3.3" value="true"/>
    <property name="java.library.path" value="C:\Program Files\Java\jdk1.8.0_181\jre\bin;C:\WINDOWS\Sun\Java\bin;C:\WINDOWS\system32;C:\WINDOWS;E:\Orical\product\11.2.0\dbhome_1\bin;C:\Program Files (x86)\Common Files\Oracle\Java\javapath;C:\Program Files (x86)\Intel\iCLS Client\;C:\Program Files\Intel\iCLS Client\;C:\Windows\system32;C:\Windows;C:\Windows\System32\Wbem;C:\Windows\System32\WindowsPowerShell\v1.0\;C:\Program Files (x86)\NVIDIA Corporation\PhysX\Common;C:\Program Files (x86)\Intel\Intel(R) Management Engine Components\DAL;C:\Program Files\Intel\Intel(R) Management Engine Components\DAL;C:\Program Files (x86)\Intel\Intel(R) Management Engine Components\IPT;C:\Program Files\Intel\Intel(R) Management Engine Components\IPT;C:\WINDOWS\system32;C:\WINDOWS;C:\WINDOWS\System32\Wbem;C:\WINDOWS\System32\WindowsPowerShell\v1.0\;C:\WINDOWS\System32\OpenSSH\;D:\sql安装文件\110\DTS\Binn\;D:\;ql安装文件--\110\Tools\Binn\;D:\;ql安装文件\110\Tools\Binn\;D:\;ql安装文件--\110\Tools\Binn\ManagementStudio\;D:\;ql安装文件--\110\DTS\Binn\;E:\;公应用\数据库\共享功能目录（s）\110\Tools\Binn\;C:\Program Fi;es\Microsoft\Web Platform Installer\;C:\Program Files (x86)\Microsoft ASP.NET\ASP.NET Web Pages\v1.0\;C:\Program Files\Microsoft SQL Server\110\Tools\Binn\;C:\Program Files (x86)\Microsoft SQL Server\110\DTS\Binn\；C:\ProgramData\Microsoft\Windows\Start Menu\Programs\MySQL\MySQL Server 5.7;;:\Program Files\nodejs.14.1\;C:\Program Files\MySQL\MySQL Server 5.5\bin;C:\Program Files\Java\jdk1.8.0_181\bin;C:\Program Files\Java\jdk1.8.0_181\jre\bin;E:\maven\apache-maven-3.6.3\bin;E:\Program Files\Git\cmd;C:\Program Files\MySQL\MySQL Shell 8.0\bin\;E:\办公应用\python\Scripts\;E:\办公应用\python\;C:\Users\汪武云\AppData\Local\Microsoft\WindowsApps;;E:\办公应用\ideaIU\IntelliJ IDEA 2019.3.3\bin;;C:\Users\汪武云\AppData\Roaming\npm;."/>
    <property name="java.vm.info" value="mixed mode"/>
    <property name="java.vendor" value="Oracle Corporation"/>
    <property name="java.vm.version" value="25.181-b13"/>
    <property name="java.ext.dirs" value="C:\Program Files\Java\jdk1.8.0_181\jre\lib\ext;C:\WINDOWS\Sun\Java\lib\ext"/>
    <property name="sun.io.unicode.encoding" value="UnicodeLittle"/>
    <property name="java.class.version" value="52.0"/>
  </properties>
  <testcase name="mytest" classname="cn.com.codingce.MyTest" time="0.016">
    <error type="java.lang.NullPointerException">java.lang.NullPointerException
	at cn.com.codingce.MyTest.mytest(MyTest.java:17)
</error>
  </testcase>
</testsuite>